<?xml version="1.0" encoding="UTF-8"?>
<!-- Generated by org.testng.reporters.JUnitXMLReporter -->
<testsuite ignored="2" hostname="LAPTOP-HAM6EJ9F" failures="1" tests="4" name="Demo" time="0.086" errors="0" timestamp="2024-05-12T18:50:51 IST">
  <testcase classname="test.Day2" name="personalLoan" time="0.0">
    <failure type="org.testng.TestNGException" message="
Cannot inject @Test annotated Method [personalLoan] with [class java.lang.String].
For more information on native dependency injection please refer to https://testng.org/doc/documentation-main.html#native-dependency-injection">
      <![CDATA[org.testng.TestNGException: 
Cannot inject @Test annotated Method [personalLoan] with [class java.lang.String].
For more information on native dependency injection please refer to https://testng.org/doc/documentation-main.html#native-dependency-injection
at java.base/java.util.ArrayList.forEach(ArrayList.java:1511)
... Removed 26 stack frames]]>
    </failure>
  </testcase> <!-- personalLoan -->
  <testcase classname="test.Day4" name="mobileLoginHomeloan" time="0.003"/>
  <testcase classname="test.Day4" name="webLoginHomeloan" time="0.001"/>
  <testcase classname="test.Day4" name="loginAPIHomeloan" time="0.003"/>
  <testcase classname="test.Day1" name="Demo" time="0.0">
    <ignored/>
  </testcase> <!-- Demo -->
  <testcase classname="test.Day1" name="SecondTest" time="0.0">
    <ignored/>
  </testcase> <!-- SecondTest -->
</testsuite> <!-- Demo -->
