<?xml version="1.0" encoding="UTF-8"?>
<!-- Generated by org.testng.reporters.JUnitXMLReporter -->
<testsuite ignored="1" hostname="LAPTOP-HAM6EJ9F" failures="0" tests="5" name="personal loan" time="0.055" errors="0" timestamp="2024-05-12T21:22:49 IST">
  <testcase classname="test.Day1" name="Demo" time="0.005"/>
  <testcase classname="test.Day2" name="ploan" time="0.001"/>
  <testcase classname="test.Day4" name="LoginAPIHomeLoan" time="0.003"/>
  <testcase classname="test.Day4" name="MobileLoginHomeLoan" time="0.003"/>
  <testcase classname="test.Day4" name="WebloginHomeLoan" time="0.001"/>
  <testcase classname="test.Day1" name="SecondTest" time="0.0">
    <ignored/>
  </testcase> <!-- SecondTest -->
</testsuite> <!-- personal loan -->
