<?xml version="1.0" encoding="UTF-8"?>
<!-- Generated by org.testng.reporters.JUnitXMLReporter -->
<testsuite ignored="6" hostname="LAPTOP-HAM6EJ9F" failures="0" tests="3" name="Regression" time="0.063" errors="0" timestamp="2024-05-12T16:51:44 IST">
  <testcase classname="test.Day2" name="personalLoan" time="0.009"/>
  <testcase classname="test.Day4" name="mobileloginHomeloan" time="0.002"/>
  <testcase classname="test.Day3" name="Weblogincarloan" time="0.001"/>
  <testcase classname="test.Day1" name="Demo" time="0.0">
    <ignored/>
  </testcase> <!-- Demo -->
  <testcase classname="test.Day4" name="LoginAPIHomeloan" time="0.0">
    <ignored/>
  </testcase> <!-- LoginAPIHomeloan -->
  <testcase classname="test.Day4" name="WebloginHomeloan" time="0.0">
    <ignored/>
  </testcase> <!-- WebloginHomeloan -->
  <testcase classname="test.Day3" name="mobilelogincarloan" time="0.0">
    <ignored/>
  </testcase> <!-- mobilelogincarloan -->
  <testcase classname="test.Day3" name="LoginAPIcarloan" time="0.0">
    <ignored/>
  </testcase> <!-- LoginAPIcarloan -->
  <testcase classname="test.Day1" name="SecondTest" time="0.0">
    <ignored/>
  </testcase> <!-- SecondTest -->
</testsuite> <!-- Regression -->
