<?xml version="1.0" encoding="UTF-8"?>
<testng-results ignored="2" total="13" passed="9" failed="1" skipped="1">
  <reporter-output>
  </reporter-output>
  <suite started-at="2024-05-12T21:22:49 IST" name="Loan Department" finished-at="2024-05-12T21:22:49 IST" duration-ms="66">
    <groups>
      <group name="Smoke">
        <method signature="Day2.ploan()[pri:0, instance:test.Day2@7fee8714]" name="ploan" class="test.Day2"/>
        <method signature="Day4.MobileLoginHomeLoan()[pri:0, instance:test.Day4@4229bb3f]" name="MobileLoginHomeLoan" class="test.Day4"/>
        <method signature="Day3.MobileLogincarLoan()[pri:0, instance:test.Day3@55634720]" name="MobileLogincarLoan" class="test.Day3"/>
      </group> <!-- Smoke -->
    </groups>
    <test started-at="2024-05-12T21:22:49 IST" name="personal loan" finished-at="2024-05-12T21:22:49 IST" duration-ms="55">
      <class name="test.Day1">
        <test-method signature="Demo()[pri:0, instance:test.Day1@32ee6fee]" started-at="2024-05-12T21:22:49 IST" name="Demo" finished-at="2024-05-12T21:22:49 IST" duration-ms="5" status="PASS">
          <reporter-output>
          </reporter-output>
        </test-method> <!-- Demo -->
        <test-method is-config="true" signature="lastexecution()[pri:0, instance:test.Day1@32ee6fee]" started-at="2024-05-12T21:22:49 IST" name="lastexecution" finished-at="2024-05-12T21:22:49 IST" duration-ms="0" status="PASS">
          <reporter-output>
          </reporter-output>
        </test-method> <!-- lastexecution -->
      </class> <!-- test.Day1 -->
      <class name="test.Day2">
        <test-method is-config="true" signature="prerequiste()[pri:0, instance:test.Day2@7fee8714]" started-at="2024-05-12T21:22:49 IST" name="prerequiste" finished-at="2024-05-12T21:22:49 IST" duration-ms="1" status="PASS">
          <reporter-output>
          </reporter-output>
        </test-method> <!-- prerequiste -->
        <test-method signature="ploan()[pri:0, instance:test.Day2@7fee8714]" started-at="2024-05-12T21:22:49 IST" name="ploan" finished-at="2024-05-12T21:22:49 IST" duration-ms="1" status="PASS">
          <reporter-output>
          </reporter-output>
        </test-method> <!-- ploan -->
      </class> <!-- test.Day2 -->
      <class name="test.Day4">
        <test-method signature="LoginAPIHomeLoan()[pri:0, instance:test.Day4@4229bb3f]" started-at="2024-05-12T21:22:49 IST" name="LoginAPIHomeLoan" finished-at="2024-05-12T21:22:49 IST" duration-ms="3" status="PASS">
          <reporter-output>
          </reporter-output>
        </test-method> <!-- LoginAPIHomeLoan -->
        <test-method signature="MobileLoginHomeLoan()[pri:0, instance:test.Day4@4229bb3f]" started-at="2024-05-12T21:22:49 IST" name="MobileLoginHomeLoan" finished-at="2024-05-12T21:22:49 IST" duration-ms="3" status="PASS">
          <reporter-output>
          </reporter-output>
        </test-method> <!-- MobileLoginHomeLoan -->
        <test-method signature="WebloginHomeLoan(java.lang.String)[pri:0, instance:test.Day4@4229bb3f]" started-at="2024-05-12T21:22:49 IST" name="WebloginHomeLoan" finished-at="2024-05-12T21:22:49 IST" duration-ms="1" status="PASS">
          <params>
            <param index="0">
              <value>
                <![CDATA[personalloan.com]]>
              </value>
            </param>
          </params>
          <reporter-output>
          </reporter-output>
        </test-method> <!-- WebloginHomeLoan -->
      </class> <!-- test.Day4 -->
    </test> <!-- personal loan -->
    <test started-at="2024-05-12T21:22:49 IST" name="car loan" finished-at="2024-05-12T21:22:49 IST" duration-ms="66">
      <class name="test.Day1">
        <test-method is-config="true" signature="afSyite()[pri:0, instance:test.Day1@32ee6fee]" started-at="2024-05-12T21:22:49 IST" name="afSyite" finished-at="2024-05-12T21:22:49 IST" duration-ms="0" status="PASS">
          <reporter-output>
          </reporter-output>
        </test-method> <!-- afSyite -->
      </class> <!-- test.Day1 -->
      <class name="test.Day3">
        <test-method is-config="true" signature="Bfsuite()[pri:0, instance:test.Day3@55634720]" started-at="2024-05-12T21:22:49 IST" name="Bfsuite" finished-at="2024-05-12T21:22:49 IST" duration-ms="8" status="PASS">
          <reporter-output>
          </reporter-output>
        </test-method> <!-- Bfsuite -->
        <test-method is-config="true" signature="befoclas()[pri:0, instance:test.Day3@55634720]" started-at="2024-05-12T21:22:49 IST" name="befoclas" finished-at="2024-05-12T21:22:49 IST" duration-ms="0" status="PASS">
          <reporter-output>
          </reporter-output>
        </test-method> <!-- befoclas -->
        <test-method is-config="true" signature="beforeevery()[pri:0, instance:test.Day3@55634720]" started-at="2024-05-12T21:22:49 IST" name="beforeevery" finished-at="2024-05-12T21:22:49 IST" duration-ms="1" status="PASS">
          <reporter-output>
          </reporter-output>
        </test-method> <!-- beforeevery -->
        <test-method signature="MobilesignoutcarLoan(java.lang.String,java.lang.String)[pri:0, instance:test.Day3@55634720]" started-at="2024-05-12T21:22:49 IST" name="MobilesignoutcarLoan" data-provider="getData" finished-at="2024-05-12T21:22:49 IST" duration-ms="5" status="PASS">
          <params>
            <param index="0">
              <value>
                <![CDATA[firstsetusername]]>
              </value>
            </param>
            <param index="1">
              <value>
                <![CDATA[firstpassword]]>
              </value>
            </param>
          </params>
          <reporter-output>
          </reporter-output>
        </test-method> <!-- MobilesignoutcarLoan -->
        <test-method is-config="true" signature="afterevery()[pri:0, instance:test.Day3@55634720]" started-at="2024-05-12T21:22:49 IST" name="afterevery" finished-at="2024-05-12T21:22:49 IST" duration-ms="1" status="PASS">
          <reporter-output>
          </reporter-output>
        </test-method> <!-- afterevery -->
        <test-method signature="MobilesignoutcarLoan(java.lang.String,java.lang.String)[pri:0, instance:test.Day3@55634720]" started-at="2024-05-12T21:22:49 IST" name="MobilesignoutcarLoan" data-provider="getData" finished-at="2024-05-12T21:22:49 IST" duration-ms="2" status="PASS">
          <params>
            <param index="0">
              <value>
                <![CDATA[secondsetusername]]>
              </value>
            </param>
            <param index="1">
              <value>
                <![CDATA[secondpassword]]>
              </value>
            </param>
          </params>
          <reporter-output>
          </reporter-output>
        </test-method> <!-- MobilesignoutcarLoan -->
        <test-method is-config="true" signature="beforeevery()[pri:0, instance:test.Day3@55634720]" started-at="2024-05-12T21:22:49 IST" name="beforeevery" finished-at="2024-05-12T21:22:49 IST" duration-ms="0" status="PASS">
          <reporter-output>
          </reporter-output>
        </test-method> <!-- beforeevery -->
        <test-method is-config="true" signature="afterevery()[pri:0, instance:test.Day3@55634720]" started-at="2024-05-12T21:22:49 IST" name="afterevery" finished-at="2024-05-12T21:22:49 IST" duration-ms="0" status="PASS">
          <reporter-output>
          </reporter-output>
        </test-method> <!-- afterevery -->
        <test-method is-config="true" signature="beforeevery()[pri:0, instance:test.Day3@55634720]" started-at="2024-05-12T21:22:49 IST" name="beforeevery" finished-at="2024-05-12T21:22:49 IST" duration-ms="1" status="PASS">
          <reporter-output>
          </reporter-output>
        </test-method> <!-- beforeevery -->
        <test-method signature="MobilesignoutcarLoan(java.lang.String,java.lang.String)[pri:0, instance:test.Day3@55634720]" started-at="2024-05-12T21:22:49 IST" name="MobilesignoutcarLoan" data-provider="getData" finished-at="2024-05-12T21:22:49 IST" duration-ms="2" status="PASS">
          <params>
            <param index="0">
              <value>
                <![CDATA[thirdsetusername]]>
              </value>
            </param>
            <param index="1">
              <value>
                <![CDATA[thirdpassword]]>
              </value>
            </param>
          </params>
          <reporter-output>
          </reporter-output>
        </test-method> <!-- MobilesignoutcarLoan -->
        <test-method is-config="true" signature="afterevery()[pri:0, instance:test.Day3@55634720]" started-at="2024-05-12T21:22:49 IST" name="afterevery" finished-at="2024-05-12T21:22:49 IST" duration-ms="0" status="PASS">
          <reporter-output>
          </reporter-output>
        </test-method> <!-- afterevery -->
        <test-method signature="WebloginCarLoan(java.lang.String,java.lang.String)[pri:0, instance:test.Day3@55634720]" started-at="2024-05-12T21:22:49 IST" name="WebloginCarLoan" finished-at="2024-05-12T21:22:49 IST" duration-ms="0" status="FAIL">
          <exception class="org.testng.TestNGException">
            <message>
              <![CDATA[
Parameter 'APIKeyUsername' is required by @Test on method WebloginCarLoan but has not been marked @Optional or defined
in C:\Users\91954\eclipse-workspace\final\1\TestNG_Framework_Part1_Tutorial\testng.xml]]>
            </message>
            <full-stacktrace>
              <![CDATA[org.testng.TestNGException: 
Parameter 'APIKeyUsername' is required by @Test on method WebloginCarLoan but has not been marked @Optional or defined
in C:\Users\91954\eclipse-workspace\final\1\TestNG_Framework_Part1_Tutorial\testng.xml
at org.testng.internal.Parameters.createParams(Parameters.java:270)
at org.testng.internal.Parameters.createParametersForMethod(Parameters.java:358)
at org.testng.internal.Parameters.createParameters(Parameters.java:700)
at org.testng.internal.Parameters.handleParameters(Parameters.java:884)
at org.testng.internal.Parameters.handleParameters(Parameters.java:740)
at org.testng.internal.ParameterHandler.handleParameters(ParameterHandler.java:59)
at org.testng.internal.ParameterHandler.createParameters(ParameterHandler.java:38)
at org.testng.internal.TestInvoker$MethodInvocationAgent.invoke(TestInvoker.java:791)
at org.testng.internal.TestInvoker.invokeTestMethods(TestInvoker.java:146)
at org.testng.internal.TestMethodWorker.invokeTestMethods(TestMethodWorker.java:146)
at org.testng.internal.TestMethodWorker.run(TestMethodWorker.java:128)
at java.base/java.util.ArrayList.forEach(ArrayList.java:1511)
at org.testng.TestRunner.privateRun(TestRunner.java:794)
at org.testng.TestRunner.run(TestRunner.java:596)
at org.testng.SuiteRunner.runTest(SuiteRunner.java:377)
at org.testng.SuiteRunner.access$000(SuiteRunner.java:28)
at org.testng.SuiteRunner$SuiteWorker.run(SuiteRunner.java:418)
at org.testng.internal.thread.ThreadUtil.lambda$execute$0(ThreadUtil.java:64)
at java.base/java.util.concurrent.FutureTask.run(FutureTask.java:264)
at java.base/java.util.concurrent.ThreadPoolExecutor.runWorker(ThreadPoolExecutor.java:1136)
at java.base/java.util.concurrent.ThreadPoolExecutor$Worker.run(ThreadPoolExecutor.java:635)
at java.base/java.lang.Thread.run(Thread.java:840)
]]>
            </full-stacktrace>
          </exception> <!-- org.testng.TestNGException -->
          <reporter-output>
          </reporter-output>
        </test-method> <!-- WebloginCarLoan -->
        <test-method is-config="true" signature="beforeevery()[pri:0, instance:test.Day3@55634720]" started-at="2024-05-12T21:22:49 IST" name="beforeevery" finished-at="2024-05-12T21:22:49 IST" duration-ms="1" status="PASS">
          <reporter-output>
          </reporter-output>
        </test-method> <!-- beforeevery -->
        <test-method signature="MobileLogincarLoan()[pri:0, instance:test.Day3@55634720]" started-at="2024-05-12T21:22:49 IST" name="MobileLogincarLoan" finished-at="2024-05-12T21:22:49 IST" duration-ms="2" status="PASS">
          <reporter-output>
          </reporter-output>
        </test-method> <!-- MobileLogincarLoan -->
        <test-method is-config="true" signature="afterevery()[pri:0, instance:test.Day3@55634720]" started-at="2024-05-12T21:22:49 IST" name="afterevery" finished-at="2024-05-12T21:22:49 IST" duration-ms="0" status="PASS">
          <reporter-output>
          </reporter-output>
        </test-method> <!-- afterevery -->
        <test-method signature="APIcarLoan()[pri:0, instance:test.Day3@55634720]" started-at="2024-05-12T21:22:49 IST" name="APIcarLoan" finished-at="2024-05-12T21:22:49 IST" depends-on-methods="test.Day3.WebloginCarLoan, test.Day3.MobilesignoutcarLoan" duration-ms="0" status="SKIP">
          <exception class="java.lang.Throwable">
            <message>
              <![CDATA[Method Day3.APIcarLoan()[pri:0, instance:test.Day3@55634720] depends on not successfully finished methods]]>
            </message>
            <full-stacktrace>
              <![CDATA[java.lang.Throwable: Method Day3.APIcarLoan()[pri:0, instance:test.Day3@55634720] depends on not successfully finished methods
at org.testng.internal.TestInvoker.invokeTestMethods(TestInvoker.java:102)
at org.testng.internal.TestMethodWorker.invokeTestMethods(TestMethodWorker.java:146)
at org.testng.internal.TestMethodWorker.run(TestMethodWorker.java:128)
at java.base/java.util.ArrayList.forEach(ArrayList.java:1511)
at org.testng.TestRunner.privateRun(TestRunner.java:794)
at org.testng.TestRunner.run(TestRunner.java:596)
at org.testng.SuiteRunner.runTest(SuiteRunner.java:377)
at org.testng.SuiteRunner.access$000(SuiteRunner.java:28)
at org.testng.SuiteRunner$SuiteWorker.run(SuiteRunner.java:418)
at org.testng.internal.thread.ThreadUtil.lambda$execute$0(ThreadUtil.java:64)
at java.base/java.util.concurrent.FutureTask.run(FutureTask.java:264)
at java.base/java.util.concurrent.ThreadPoolExecutor.runWorker(ThreadPoolExecutor.java:1136)
at java.base/java.util.concurrent.ThreadPoolExecutor$Worker.run(ThreadPoolExecutor.java:635)
at java.base/java.lang.Thread.run(Thread.java:840)
]]>
            </full-stacktrace>
          </exception> <!-- java.lang.Throwable -->
          <reporter-output>
          </reporter-output>
        </test-method> <!-- APIcarLoan -->
        <test-method is-config="true" signature="afteclas()[pri:0, instance:test.Day3@55634720]" started-at="2024-05-12T21:22:49 IST" name="afteclas" finished-at="2024-05-12T21:22:49 IST" duration-ms="1" status="PASS">
          <reporter-output>
          </reporter-output>
        </test-method> <!-- afteclas -->
      </class> <!-- test.Day3 -->
    </test> <!-- car loan -->
  </suite> <!-- Loan Department -->
</testng-results>
