<?xml version="1.0" encoding="UTF-8"?>
<!-- Generated by org.testng.reporters.JUnitXMLReporter -->
<testsuite ignored="1" hostname="LAPTOP-HAM6EJ9F" failures="0" tests="2" name="Home Loan" time="0.007" errors="0" timestamp="2024-05-12T14:50:28 IST">
  <testcase classname="test.Day5" name="WebloginHomeloan" time="0.001"/>
  <testcase classname="test.Day5" name="mobileloginHomeloan" time="0.002"/>
  <testcase classname="test.Day5" name="LoginAPIHomeloan" time="0.0">
    <ignored/>
  </testcase> <!-- LoginAPIHomeloan -->
</testsuite> <!-- Home Loan -->
